The Symptom : anxiety occurs 5 times
The Symptom : arrhythmias occurs 3 times
The Symptom : blindness occurs 1 time
The Symptom : blurred vision occurs 5 times
The Symptom : constricted pupils occurs 3 times
The Symptom : cough occurs 6 times
The Symptom : dialated pupils occurs 4 times
The Symptom : dizziness occurs 5 times
The Symptom : dry mouth occurs 8 times
The Symptom : fever occurs 7 times
The Symptom : headache occurs 3 times
The Symptom : high blood pressure occurs 10 times
The Symptom : inflamation occurs 7 times
The Symptom : insomnia occurs 4 times
The Symptom : low blood pressure occurs 4 times
The Symptom : nausea occurs 5 times
The Symptom : rapid heart rate occurs 1 time
The Symptom : rash occurs 4 times
The Symptom : shortness of breath occurs 3 times
The Symptom : stiff neck occurs 4 times
The Symptom : stomach pain occurs 3 times
The Symptom : tremor occurs 4 times
The Symptom : water retention occurs 1 time
